<?xml version="1.0" encoding="UTF-8"?>
<testng-results ignored="0" total="1" passed="1" failed="0" skipped="0">
  <reporter-output>
  </reporter-output>
  <suite started-at="2019-08-06T18:07:25Z" name="Default suite" finished-at="2019-08-06T18:07:26Z" duration-ms="226">
    <groups>
    </groups>
    <test started-at="2019-08-06T18:07:25Z" name="Default test" finished-at="2019-08-06T18:07:26Z" duration-ms="226">
      <class name="logging.LoggerTest">
        <test-method is-config="true" signature="getlogger()[pri:0, instance:logging.LoggerTest@29f69090]" started-at="2019-08-06T18:07:25Z" name="getlogger" finished-at="2019-08-06T18:07:26Z" duration-ms="165" status="PASS">
          <reporter-output>
          </reporter-output>
        </test-method> <!-- getlogger -->
        <test-method signature="testLogger()[pri:0, instance:logging.LoggerTest@29f69090]" started-at="2019-08-06T18:07:26Z" name="testLogger" finished-at="2019-08-06T18:07:26Z" duration-ms="15" status="PASS">
          <reporter-output>
          </reporter-output>
        </test-method> <!-- testLogger -->
      </class> <!-- logging.LoggerTest -->
    </test> <!-- Default test -->
  </suite> <!-- Default suite -->
</testng-results>
